<?xml version="1.0" encoding="UTF-8"?>
<beans xmlns="http://www.springframework.org/schema/beans" xmlns:xsi="http://www.w3.org/2001/XMLSchema-instance"
       xmlns:context="http://www.springframework.org/schema/context"
       xmlns:mvc="http://www.springframework.org/schema/mvc"
       xsi:schemaLocation="http://www.springframework.org/schema/beans
       http://www.springframework.org/schema/beans/spring-beans.xsd
       http://www.springframework.org/schema/context
       http://www.springframework.org/schema/context/spring-context.xsd
       http://www.springframework.org/schema/mvc
       http://www.springframework.org/schema/mvc/spring-mvc.xsd">
    <context:component-scan base-package="com.xy.controller"/>
    <mvc:default-servlet-handler/>
    <mvc:annotation-driven/>


  <bean id="contentNegotiationManager"  class="org.springframework.web.accept.ContentNegotiationManagerFactoryBean">
       <property name="favorParameter" value="true"/>
       <property name="parameterName" value="format"/>
       <property name="ignoreAcceptHeader" value="false"/>
       <property name="mediaTypes">
           <value>
                json=application/json
                xml=application/xml
                html=text/html
            </value>
       </property>
       <property name="defaultContentType" value="text/html"/>
    </bean> 
    <bean class="org.springframework.web.servlet.view.InternalResourceViewResolver">
        <property name="order" value="2"/>
        <property name="prefix" value="WEB-INF/pages/"/>
        <property name="suffix" value=".html"/>
        <property name="contentType" value="text/html; charset=UTF-8"/>
    </bean>

</beans>
