<?xml version="1.0" encoding="UTF-8"?>
<beans xmlns="http://www.springframework.org/schema/beans" xmlns:xsi="http://www.w3.org/2001/XMLSchema-instance"
       xmlns:p="http://www.springframework.org/schema/p" xmlns:context="http://www.springframework.org/schema/context"
       xmlns:tx="http://www.springframework.org/schema/tx" xmlns:jdbc="http://www.springframework.org/schema/jdbc"
       xmlns:rabbit="http://www.springframework.org/schema/rabbit"
       xmlns:cache="http://www.springframework.org/schema/cache" xmlns:task="http://www.springframework.org/schema/task"
       xsi:schemaLocation="http://www.springframework.org/schema/beans http://www.springframework.org/schema/beans/spring-beans.xsd http://www.springframework.org/schema/context http://www.springframework.org/schema/context/spring-context.xsd http://www.springframework.org/schema/tx http://www.springframework.org/schema/tx/spring-tx.xsd http://www.springframework.org/schema/jdbc http://www.springframework.org/schema/jdbc/spring-jdbc.xsd http://www.springframework.org/schema/rabbit http://www.springframework.org/schema/rabbit/spring-rabbit.xsd
       http://www.springframework.org/schema/cache http://www.springframework.org/schema/cache/spring-cache.xsd http://www.springframework.org/schema/task http://www.springframework.org/schema/task/spring-task.xsd">
    <context:component-scan base-package="com.xy">
        <context:exclude-filter type="annotation" expression="org.springframework.stereotype.Controller"/>
    </context:component-scan>
    <context:property-placeholder location="classpath:context/database.properties"/>
    <tx:annotation-driven/>

    <bean id="abstractXADataSource" class="com.atomikos.jdbc.AtomikosDataSourceBean" init-method="init"
          destroy-method="close" abstract="true">
        <property name="xaDataSourceClassName" value="com.mysql.jdbc.jdbc2.optional.MysqlXADataSource"/>
        <property name="poolSize" value="10" />
        <property name="minPoolSize" value="10"/>
        <property name="maxPoolSize" value="30"/>
        <property name="borrowConnectionTimeout" value="60"/>
        <property name="reapTimeout" value="20"/>
        <!-- 最大空闲时间 -->
        <property name="maxIdleTime" value="60"/>
        <property name="maintenanceInterval" value="60"/>
        <property name="loginTimeout" value="60"/>
        <property name="testQuery">
            <value>select 1</value>
        </property>
    </bean>

    <bean id="qadataSource" parent="abstractXADataSource">
        <!-- value只要两个数据源不同就行，随便取名 -->
        <property name="uniqueResourceName" value="mysql/sitestone1" />
        <property name="xaDataSourceClassName"
                  value="com.mysql.jdbc.jdbc2.optional.MysqlXADataSource" />
        <property name="xaProperties">
            <props>
                <prop key="URL">${qa.db.url}</prop>
                <prop key="user">${qa.db.user}</prop>
                <prop key="password">${qa.db.password}</prop>
                <prop key="pinGlobalTxToPhysicalConnection">true</prop>
            </props>
        </property>
    </bean>

    <bean id="devdataSource" parent="abstractXADataSource">
        <!-- value只要两个数据源不同就行，随便取名 -->
        <property name="uniqueResourceName" value="mysql/sitestone" />
        <property name="xaDataSourceClassName"
                  value="com.mysql.jdbc.jdbc2.optional.MysqlXADataSource" />
        <property name="xaProperties">
            <props>
                <prop key="URL">${dev.db.url}</prop>
                <prop key="user">${dev.db.user}</prop>
                <prop key="password">${dev.db.password}</prop>
                <prop key="pinGlobalTxToPhysicalConnection">true</prop>
            </props>
        </property>
    </bean>



    <bean id="qasqlSessionFactory" class="org.mybatis.spring.SqlSessionFactoryBean">
        <property name="dataSource" ref="qadataSource" />
        <property name="mapperLocations" value="classpath*:com/xy/dao/*.xml" />
    </bean>

    <bean id="devsqlSessionFactory" class="org.mybatis.spring.SqlSessionFactoryBean">
        <property name="dataSource" ref="devdataSource" />
        <property name="mapperLocations" value="classpath*:com/xy/daodev/*.xml" />
    </bean>

    <bean id="atomikosTransactionManager" class="com.atomikos.icatch.jta.UserTransactionManager"
          init-method="init" destroy-method="close">
        <property name="forceShutdown">
            <value>true</value>
        </property>
    </bean>
    <bean id="atomikosUserTransaction" class="com.atomikos.icatch.jta.UserTransactionImp">
        <property name="transactionTimeout" value="300" />
    </bean>

    <bean id="transactionManager"
          class="org.springframework.transaction.jta.JtaTransactionManager">
        <property name="transactionManager">
            <ref bean="atomikosTransactionManager"/>
        </property>
        <property name="userTransaction">
            <ref bean="atomikosUserTransaction"/>
        </property>
        <!-- 必须设置，否则程序出现异常 JtaTransactionManager does not support custom isolation levels by default -->
        <property name="allowCustomIsolationLevels" value="true"/>

    </bean>



    <bean class="org.mybatis.spring.mapper.MapperScannerConfigurer">
        <property name="basePackage" value="com.xy.dao"/>
        <property name="sqlSessionFactoryBeanName" value="qasqlSessionFactory" />
    </bean>

    <bean class="org.mybatis.spring.mapper.MapperScannerConfigurer">
        <property name="basePackage" value="com.xy.daodev"/>
        <property name="sqlSessionFactoryBeanName" value="devsqlSessionFactory" />
    </bean>
</beans>
